<?xml version="1.0" encoding="UTF-8"?>
<!-- Generated by org.testng.reporters.JUnitReportReporter -->
<testsuite hostname="DESKTOP-5AMIFTG" failures="0" tests="4" name="RestAssured_API_demo.RestAssured.AppTest" time="3.158" errors="0" timestamp="2024-03-02T13:21:37 EST" skipped="0">
  <testcase classname="RestAssured_API_demo.RestAssured.AppTest" name="delRequest" time="0.380"/>
  <testcase classname="RestAssured_API_demo.RestAssured.AppTest" name="putRequest" time="1.844"/>
  <testcase classname="RestAssured_API_demo.RestAssured.AppTest" name="postRequest_json" time="0.347"/>
  <testcase classname="RestAssured_API_demo.RestAssured.AppTest" name="getRequest" time="0.587"/>
</testsuite> <!-- RestAssured_API_demo.RestAssured.AppTest -->
