<?xml version="1.0" encoding="UTF-8"?>
<!-- Generated by org.testng.reporters.JUnitReportReporter -->
<testsuite hostname="DESKTOP-5AMIFTG" failures="0" tests="1" name="RestAssured_API_demo.RestAssured.post_Json_req" time="1.839" errors="0" timestamp="2024-03-02T12:31:42 EST" skipped="0">
  <testcase classname="RestAssured_API_demo.RestAssured.post_Json_req" name="postRequest_json" time="1.839"/>
</testsuite> <!-- RestAssured_API_demo.RestAssured.post_Json_req -->
