<?xml version="1.0" encoding="UTF-8"?>
<!-- Generated by org.testng.reporters.JUnitReportReporter -->
<testsuite hostname="DESKTOP-5AMIFTG" failures="0" tests="1" name="RestAssured_API_demo.RestAssured.get_req" time="2.067" errors="0" timestamp="2024-03-02T12:06:12 EST" skipped="0">
  <testcase classname="RestAssured_API_demo.RestAssured.get_req" name="getRequest" time="2.067"/>
</testsuite> <!-- RestAssured_API_demo.RestAssured.get_req -->
