<?xml version="1.0" encoding="UTF-8"?>
<!-- Generated by org.testng.reporters.JUnitReportReporter -->
<testsuite hostname="DESKTOP-5AMIFTG" failures="0" tests="1" name="RestAssured_API_demo.RestAssured.put_req" time="1.961" errors="0" timestamp="2024-03-02T12:44:45 EST" skipped="0">
  <testcase classname="RestAssured_API_demo.RestAssured.put_req" name="putRequest" time="1.961"/>
</testsuite> <!-- RestAssured_API_demo.RestAssured.put_req -->
